# JRE version: Java(TM) SE Runtime Environment (22.0.1+8) (build 22.0.1+8-16)
# Java VM: Java HotSpot(TM) 64-Bit Server VM (22.0.1+8-16, mixed mode, emulated-client, sharing, tiered, compressed oops, compressed class ptrs, g1 gc, windows-amd64)
GC Precious Log:
 CardTable entry size: 512
 Card Set container configuration: InlinePtr #cards 4 size 8 Array Of Cards #cards 16 size 48 Howl #buckets 8 coarsen threshold 3686 Howl Bitmap #cards 512 size 80 coarsen threshold 460 Card regions per heap region 1 cards per card region 4096
 CPUs: 16 total, 16 available
 Memory: 15557M
 Large Page Support: Disabled
 NUMA Support: Disabled
 Compressed Oops: Enabled (Zero based)
 Heap Region Size: 2M
 Heap Min Capacity: 8M
 Heap Initial Capacity: 244M
 Heap Max Capacity: 3890M
 Pre-touch: Disabled
 Parallel Workers: 13
 Concurrent Workers: 3
 Concurrent Refinement Workers: 13
 Periodic GC: Disabled
Heap:
 garbage-first heap   total reserved 3983360K, committed 61440K, used 46635K [0x00000004dde00000, 0x00000005d1000000)
  region size 2048K, 2 young (4096K), 1 survivors (2048K)
 Metaspace       used 49522K, committed 50624K, reserved 1114112K
  class space    used 6816K, committed 7232K, reserved 1048576K
GC Heap History (20 events):
Event: 4.683 GC heap before
{Heap before GC invocations=12 (full 0):
 garbage-first heap   total reserved 3983360K, committed 51200K, used 44194K [0x00000004dde00000, 0x00000005d1000000)
  region size 2048K, 12 young (24576K), 1 survivors (2048K)
 Metaspace       used 38444K, committed 38976K, reserved 1114112K
  class space    used 5277K, committed 5504K, reserved 1048576K
}
Event: 4.686 GC heap after
{Heap after GC invocations=13 (full 0):
 garbage-first heap   total reserved 3983360K, committed 51200K, used 23462K [0x00000004dde00000, 0x00000005d1000000)
  region size 2048K, 2 young (4096K), 2 survivors (4096K)
 Metaspace       used 38444K, committed 38976K, reserved 1114112K
  class space    used 5277K, committed 5504K, reserved 1048576K
}
Event: 5.048 GC heap before
{Heap before GC invocations=13 (full 0):
 garbage-first heap   total reserved 3983360K, committed 51200K, used 39846K [0x00000004dde00000, 0x00000005d1000000)
  region size 2048K, 11 young (22528K), 2 survivors (4096K)
 Metaspace       used 41155K, committed 41856K, reserved 1114112K
  class space    used 5645K, committed 5952K, reserved 1048576K
}
Event: 5.050 GC heap after
{Heap after GC invocations=14 (full 0):
 garbage-first heap   total reserved 3983360K, committed 51200K, used 24721K [0x00000004dde00000, 0x00000005d1000000)
  region size 2048K, 2 young (4096K), 2 survivors (4096K)
 Metaspace       used 41155K, committed 41856K, reserved 1114112K
  class space    used 5645K, committed 5952K, reserved 1048576K
}
Event: 5.300 GC heap before
{Heap before GC invocations=14 (full 0):
 garbage-first heap   total reserved 3983360K, committed 51200K, used 41105K [0x00000004dde00000, 0x00000005d1000000)
  region size 2048K, 10 young (20480K), 2 survivors (4096K)
 Metaspace       used 43310K, committed 43968K, reserved 1114112K
  class space    used 5957K, committed 6272K, reserved 1048576K
}
Event: 5.303 GC heap after
{Heap after GC invocations=15 (full 0):
 garbage-first heap   total reserved 3983360K, committed 51200K, used 26434K [0x00000004dde00000, 0x00000005d1000000)
  region size 2048K, 2 young (4096K), 2 survivors (4096K)
 Metaspace       used 43310K, committed 43968K, reserved 1114112K
  class space    used 5957K, committed 6272K, reserved 1048576K
}
Event: 5.556 GC heap before
{Heap before GC invocations=15 (full 0):
 garbage-first heap   total reserved 3983360K, committed 51200K, used 40770K [0x00000004dde00000, 0x00000005d1000000)
  region size 2048K, 9 young (18432K), 2 survivors (4096K)
 Metaspace       used 45661K, committed 46336K, reserved 1114112K
  class space    used 6343K, committed 6656K, reserved 1048576K
}
Event: 5.558 GC heap after
{Heap after GC invocations=16 (full 0):
 garbage-first heap   total reserved 3983360K, committed 51200K, used 28036K [0x00000004dde00000, 0x00000005d1000000)
  region size 2048K, 2 young (4096K), 2 survivors (4096K)
 Metaspace       used 45661K, committed 46336K, reserved 1114112K
  class space    used 6343K, committed 6656K, reserved 1048576K
}
Event: 5.813 GC heap before
{Heap before GC invocations=17 (full 0):
 garbage-first heap   total reserved 3983360K, committed 51200K, used 42372K [0x00000004dde00000, 0x00000005d1000000)
  region size 2048K, 9 young (18432K), 2 survivors (4096K)
 Metaspace       used 49047K, committed 49728K, reserved 1114112K
  class space    used 6805K, committed 7104K, reserved 1048576K
}
Event: 5.815 GC heap after
{Heap after GC invocations=18 (full 0):
 garbage-first heap   total reserved 3983360K, committed 51200K, used 29210K [0x00000004dde00000, 0x00000005d1000000)
  region size 2048K, 2 young (4096K), 2 survivors (4096K)
 Metaspace       used 49047K, committed 49728K, reserved 1114112K
  class space    used 6805K, committed 7104K, reserved 1048576K
}
Event: 7.247 GC heap before
{Heap before GC invocations=18 (full 0):
 garbage-first heap   total reserved 3983360K, committed 51200K, used 41498K [0x00000004dde00000, 0x00000005d1000000)
  region size 2048K, 8 young (16384K), 2 survivors (4096K)
 Metaspace       used 49893K, committed 50624K, reserved 1114112K
  class space    used 6919K, committed 7232K, reserved 1048576K
}
Event: 7.249 GC heap after
{Heap after GC invocations=19 (full 0):
 garbage-first heap   total reserved 3983360K, committed 51200K, used 30868K [0x00000004dde00000, 0x00000005d1000000)
  region size 2048K, 1 young (2048K), 1 survivors (2048K)
 Metaspace       used 49893K, committed 50624K, reserved 1114112K
  class space    used 6919K, committed 7232K, reserved 1048576K
}
Event: 13.794 GC heap before
{Heap before GC invocations=19 (full 0):
 garbage-first heap   total reserved 3983360K, committed 51200K, used 43156K [0x00000004dde00000, 0x00000005d1000000)
  region size 2048K, 7 young (14336K), 1 survivors (2048K)
 Metaspace       used 49895K, committed 50624K, reserved 1114112K
  class space    used 6919K, committed 7232K, reserved 1048576K
}
Event: 13.796 GC heap after
{Heap after GC invocations=20 (full 0):
 garbage-first heap   total reserved 3983360K, committed 51200K, used 34944K [0x00000004dde00000, 0x00000005d1000000)
  region size 2048K, 1 young (2048K), 1 survivors (2048K)
 Metaspace       used 49895K, committed 50624K, reserved 1114112K
  class space    used 6919K, committed 7232K, reserved 1048576K
}
Event: 18.008 GC heap before
{Heap before GC invocations=21 (full 0):
 garbage-first heap   total reserved 3983360K, committed 61440K, used 43136K [0x00000004dde00000, 0x00000005d1000000)
  region size 2048K, 5 young (10240K), 1 survivors (2048K)
 Metaspace       used 49896K, committed 50624K, reserved 1114112K
  class space    used 6920K, committed 7232K, reserved 1048576K
}
Event: 18.010 GC heap after
{Heap after GC invocations=22 (full 0):
 garbage-first heap   total reserved 3983360K, committed 61440K, used 37970K [0x00000004dde00000, 0x00000005d1000000)
  region size 2048K, 1 young (2048K), 1 survivors (2048K)
 Metaspace       used 49896K, committed 50624K, reserved 1114112K
  class space    used 6920K, committed 7232K, reserved 1048576K
}
Event: 26.767 GC heap before
{Heap before GC invocations=22 (full 0):
 garbage-first heap   total reserved 3983360K, committed 61440K, used 52306K [0x00000004dde00000, 0x00000005d1000000)
  region size 2048K, 8 young (16384K), 1 survivors (2048K)
 Metaspace       used 49898K, committed 50624K, reserved 1114112K
  class space    used 6921K, committed 7232K, reserved 1048576K
}
Event: 26.770 GC heap after
{Heap after GC invocations=23 (full 0):
 garbage-first heap   total reserved 3983360K, committed 61440K, used 42657K [0x00000004dde00000, 0x00000005d1000000)
  region size 2048K, 1 young (2048K), 1 survivors (2048K)
 Metaspace       used 49898K, committed 50624K, reserved 1114112K
  class space    used 6921K, committed 7232K, reserved 1048576K
}
Event: 32.306 GC heap before
{Heap before GC invocations=23 (full 0):
 garbage-first heap   total reserved 3983360K, committed 61440K, used 52897K [0x00000004dde00000, 0x00000005d1000000)
  region size 2048K, 6 young (12288K), 1 survivors (2048K)
 Metaspace       used 49898K, committed 50624K, reserved 1114112K
  class space    used 6921K, committed 7232K, reserved 1048576K
}
Event: 32.308 GC heap after
{Heap after GC invocations=24 (full 0):
 garbage-first heap   total reserved 3983360K, committed 61440K, used 46635K [0x00000004dde00000, 0x00000005d1000000)
  region size 2048K, 1 young (2048K), 1 survivors (2048K)
 Metaspace       used 49898K, committed 50624K, reserved 1114112K
  class space    used 6921K, committed 7232K, reserved 1048576K
}

